TN:
SF:/Users/fernando.canel/Code/me/gig/packages/@apparatus/gig/data/demo/src/index.ts
FNF:0
FNH:0
DA:1,1
DA:2,1
DA:6,1
DA:46,1
DA:67,1
LF:5
LH:5
BRF:0
BRH:0
end_of_record
TN:
SF:/Users/fernando.canel/Code/me/gig/packages/@apparatus/gig/data/store/src/index.ts
FN:23,(anonymous_0)
FN:46,(anonymous_1)
FN:80,(anonymous_2)
FN:107,(anonymous_3)
FN:112,(anonymous_4)
FN:136,(anonymous_5)
FN:141,(anonymous_6)
FN:173,(anonymous_7)
FNF:8
FNH:8
FNDA:18,(anonymous_0)
FNDA:3,(anonymous_1)
FNDA:1,(anonymous_2)
FNDA:2,(anonymous_3)
FNDA:3,(anonymous_4)
FNDA:2,(anonymous_5)
FNDA:3,(anonymous_6)
FNDA:4,(anonymous_7)
DA:1,1
DA:3,1
DA:4,1
DA:5,1
DA:7,1
DA:23,1
DA:24,18
DA:26,1
DA:33,2
DA:45,2
DA:46,3
DA:49,2
DA:60,1
DA:67,1
DA:74,1
DA:81,1
DA:101,1
DA:108,2
DA:113,3
DA:130,1
DA:137,2
DA:142,3
DA:153,1
DA:160,1
DA:164,1
DA:171,2
DA:174,4
DA:187,1
DA:194,1
DA:201,1
DA:206,1
DA:208,1
LF:32
LH:32
BRDA:23,0,0,1
BRDA:25,1,0,1
BRDA:25,1,1,2
BRDA:25,1,2,2
BRDA:25,1,3,1
BRDA:25,1,4,1
BRDA:25,1,5,1
BRDA:25,1,6,1
BRDA:25,1,7,1
BRDA:25,1,8,1
BRDA:25,1,9,1
BRDA:25,1,10,1
BRDA:25,1,11,2
BRDA:25,1,12,1
BRDA:25,1,13,1
BRDA:25,1,14,1
BRDA:54,2,0,1
BRDA:54,2,1,1
BRDA:82,3,0,1
BRDA:82,3,1,0
BRDA:109,4,0,1
BRDA:109,4,1,1
BRDA:114,5,0,1
BRDA:114,5,1,2
BRDA:138,6,0,1
BRDA:138,6,1,1
BRDA:175,7,0,2
BRDA:175,7,1,2
BRF:28
BRH:27
end_of_record
TN:
SF:/Users/fernando.canel/Code/me/gig/packages/@apparatus/gig/data/store/src/trackingStop.ts
FN:3,(anonymous_0)
FN:7,(anonymous_1)
FN:27,(anonymous_2)
FNF:3
FNH:3
FNDA:1,(anonymous_0)
FNDA:1,(anonymous_1)
FNDA:2,(anonymous_2)
DA:3,1
DA:4,1
DA:7,1
DA:9,1
DA:21,1
DA:28,2
LF:6
LH:6
BRDA:5,0,0,1
BRDA:5,0,1,0
BRDA:13,1,0,1
BRDA:13,1,1,0
BRDA:9,2,0,1
BRDA:9,2,1,1
BRDA:9,2,2,1
BRDA:25,3,0,1
BRDA:25,3,1,0
BRDA:29,4,0,1
BRDA:29,4,1,1
BRF:11
BRH:8
end_of_record
TN:
SF:/Users/fernando.canel/Code/me/gig/packages/@apparatus/gig/data/transform-gig/src/index.ts
FN:4,(anonymous_0)
FN:6,(anonymous_1)
FN:7,(anonymous_2)
FN:10,(anonymous_3)
FN:12,(anonymous_4)
FN:13,(anonymous_5)
FN:16,(anonymous_6)
FN:18,(anonymous_7)
FN:24,(anonymous_8)
FN:25,(anonymous_9)
FN:28,(anonymous_10)
FN:30,(anonymous_11)
FN:36,(anonymous_12)
FN:37,(anonymous_13)
FN:40,(anonymous_14)
FN:42,(anonymous_15)
FN:48,(anonymous_16)
FN:49,(anonymous_17)
FN:52,(anonymous_18)
FN:54,(anonymous_19)
FN:60,(anonymous_20)
FN:61,(anonymous_21)
FNF:22
FNH:22
FNDA:18,(anonymous_0)
FNDA:38,(anonymous_1)
FNDA:38,(anonymous_2)
FNDA:18,(anonymous_3)
FNDA:38,(anonymous_4)
FNDA:38,(anonymous_5)
FNDA:16,(anonymous_6)
FNDA:32,(anonymous_7)
FNDA:17,(anonymous_8)
FNDA:17,(anonymous_9)
FNDA:16,(anonymous_10)
FNDA:32,(anonymous_11)
FNDA:17,(anonymous_12)
FNDA:17,(anonymous_13)
FNDA:16,(anonymous_14)
FNDA:32,(anonymous_15)
FNDA:32,(anonymous_16)
FNDA:32,(anonymous_17)
FNDA:16,(anonymous_18)
FNDA:32,(anonymous_19)
FNDA:32,(anonymous_20)
FNDA:32,(anonymous_21)
DA:2,1
DA:4,1
DA:5,18
DA:6,38
DA:7,38
DA:10,1
DA:11,18
DA:12,38
DA:13,38
DA:16,1
DA:17,16
DA:19,32
DA:24,17
DA:25,17
DA:28,1
DA:29,16
DA:31,32
DA:36,17
DA:37,17
DA:40,1
DA:41,16
DA:43,32
DA:48,32
DA:49,32
DA:52,1
DA:53,16
DA:55,32
DA:60,32
DA:61,32
LF:29
LH:29
BRF:0
BRH:0
end_of_record
TN:
SF:/Users/fernando.canel/Code/me/gig/packages/@apparatus/gig/data/transform-input/src/index.ts
FN:3,(anonymous_0)
FN:16,(anonymous_1)
FN:28,(anonymous_2)
FN:98,(anonymous_3)
FN:110,(anonymous_4)
FNF:5
FNH:5
FNDA:26,(anonymous_0)
FNDA:36,(anonymous_1)
FNDA:12,(anonymous_2)
FNDA:1,(anonymous_3)
FNDA:1,(anonymous_4)
DA:1,1
DA:3,1
DA:4,26
DA:16,1
DA:17,36
DA:18,10
DA:21,26
DA:23,26
DA:28,1
DA:29,12
DA:31,12
DA:32,1
DA:35,11
DA:36,4
DA:37,4
DA:38,4
DA:40,4
DA:41,0
DA:44,4
DA:45,1
DA:48,3
DA:49,1
DA:52,2
DA:53,1
DA:59,8
DA:60,3
DA:61,3
DA:62,3
DA:63,3
DA:65,3
DA:69,1
DA:72,2
DA:77,1
DA:80,1
DA:81,1
DA:87,5
DA:88,1
DA:91,4
DA:92,1
DA:95,3
DA:98,1
DA:99,1
DA:110,1
DA:112,1
LF:44
LH:43
BRDA:4,0,0,26
BRDA:4,0,1,22
BRDA:4,0,2,18
BRDA:4,0,3,11
BRDA:4,0,4,6
BRDA:4,0,5,6
BRDA:4,0,6,6
BRDA:4,0,7,6
BRDA:4,0,8,4
BRDA:4,0,9,0
BRDA:17,1,0,10
BRDA:17,1,1,26
BRDA:24,2,0,26
BRDA:24,2,1,0
BRDA:31,3,0,1
BRDA:31,3,1,11
BRDA:31,4,0,12
BRDA:31,4,1,1
BRDA:35,5,0,4
BRDA:35,5,1,7
BRDA:35,6,0,11
BRDA:35,6,1,4
BRDA:40,7,0,0
BRDA:40,7,1,4
BRDA:40,8,0,4
BRDA:40,8,1,1
BRDA:44,9,0,1
BRDA:44,9,1,3
BRDA:48,10,0,1
BRDA:48,10,1,2
BRDA:52,11,0,1
BRDA:52,11,1,1
BRDA:59,12,0,3
BRDA:59,12,1,5
BRDA:59,13,0,8
BRDA:59,13,1,3
BRDA:65,14,0,1
BRDA:65,14,1,2
BRDA:66,15,0,3
BRDA:66,15,1,1
BRDA:72,16,0,1
BRDA:72,16,1,1
BRDA:73,17,0,2
BRDA:73,17,1,1
BRDA:73,17,2,1
BRDA:80,18,0,1
BRDA:80,18,1,0
BRDA:87,19,0,1
BRDA:87,19,1,4
BRDA:87,20,0,5
BRDA:87,20,1,1
BRDA:91,21,0,1
BRDA:91,21,1,3
BRDA:91,22,0,4
BRDA:91,22,1,3
BRDA:91,22,2,1
BRF:56
BRH:52
end_of_record
TN:
SF:/Users/fernando.canel/Code/me/gig/packages/@apparatus/gig/data/transform-numbers/src/index.ts
FN:1,(anonymous_0)
FN:9,(anonymous_1)
FN:17,(anonymous_2)
FN:39,(anonymous_3)
FNF:4
FNH:4
FNDA:4,(anonymous_0)
FNDA:3,(anonymous_1)
FNDA:10,(anonymous_2)
FNDA:5,(anonymous_3)
DA:1,1
DA:2,4
DA:3,1
DA:6,3
DA:9,1
DA:10,3
DA:11,3
DA:12,3
DA:14,3
DA:17,1
DA:18,10
DA:19,5
DA:25,5
DA:27,5
DA:39,1
DA:40,5
DA:42,5
DA:44,5
LF:18
LH:18
BRDA:2,0,0,1
BRDA:2,0,1,3
BRDA:17,1,0,5
BRDA:18,2,0,5
BRDA:18,2,1,5
BRDA:44,3,0,1
BRDA:44,3,1,4
BRF:7
BRH:7
end_of_record
TN:
SF:/Users/fernando.canel/Code/me/gig/packages/@apparatus/gig/data/transform-store/src/index.ts
FN:15,(anonymous_0)
FN:16,(anonymous_1)
FN:18,(anonymous_2)
FN:20,(anonymous_3)
FN:21,(anonymous_4)
FN:24,(anonymous_5)
FN:26,(anonymous_6)
FN:27,(anonymous_7)
FN:30,(anonymous_8)
FN:32,(anonymous_9)
FN:33,(anonymous_10)
FN:36,(anonymous_11)
FN:38,(anonymous_12)
FN:39,(anonymous_13)
FN:42,(anonymous_14)
FN:44,(anonymous_15)
FN:45,(anonymous_16)
FN:48,(anonymous_17)
FN:50,(anonymous_18)
FN:51,(anonymous_19)
FN:54,(anonymous_20)
FN:74,(anonymous_21)
FN:78,(anonymous_22)
FN:90,(anonymous_23)
FN:120,(anonymous_24)
FNF:25
FNH:25
FNDA:12,(anonymous_0)
FNDA:15,(anonymous_1)
FNDA:7,(anonymous_2)
FNDA:14,(anonymous_3)
FNDA:14,(anonymous_4)
FNDA:7,(anonymous_5)
FNDA:14,(anonymous_6)
FNDA:14,(anonymous_7)
FNDA:7,(anonymous_8)
FNDA:14,(anonymous_9)
FNDA:14,(anonymous_10)
FNDA:7,(anonymous_11)
FNDA:14,(anonymous_12)
FNDA:14,(anonymous_13)
FNDA:7,(anonymous_14)
FNDA:14,(anonymous_15)
FNDA:14,(anonymous_16)
FNDA:7,(anonymous_17)
FNDA:14,(anonymous_18)
FNDA:14,(anonymous_19)
FNDA:4,(anonymous_20)
FNDA:1,(anonymous_21)
FNDA:2,(anonymous_22)
FNDA:2,(anonymous_23)
FNDA:1,(anonymous_24)
DA:1,1
DA:3,1
DA:12,1
DA:13,1
DA:15,1
DA:16,15
DA:18,1
DA:19,7
DA:20,14
DA:21,14
DA:24,1
DA:25,7
DA:26,14
DA:27,14
DA:30,1
DA:31,7
DA:32,14
DA:33,14
DA:36,1
DA:37,7
DA:38,14
DA:39,14
DA:42,1
DA:43,7
DA:44,14
DA:45,14
DA:48,1
DA:49,7
DA:50,14
DA:51,14
DA:54,4
DA:74,1
DA:78,1
DA:79,2
DA:81,2
DA:90,1
DA:92,2
DA:96,2
DA:120,1
LF:39
LH:39
BRDA:82,0,0,1
BRDA:82,0,1,1
BRDA:92,1,0,2
BRDA:92,1,1,1
BRDA:100,2,0,1
BRDA:100,2,1,1
BRDA:99,3,0,2
BRDA:99,3,1,1
BRF:8
BRH:8
end_of_record
TN:
SF:/Users/fernando.canel/Code/me/gig/packages/@apparatus/gig/data/transform-time-report/src/index.ts
FN:4,(anonymous_0)
FN:62,(anonymous_1)
FN:64,(anonymous_2)
FN:68,(anonymous_3)
FN:85,(anonymous_4)
FN:94,(anonymous_5)
FN:103,(anonymous_6)
FNF:7
FNH:7
FNDA:12,(anonymous_0)
FNDA:3,(anonymous_1)
FNDA:8,(anonymous_2)
FNDA:5,(anonymous_3)
FNDA:2,(anonymous_4)
FNDA:2,(anonymous_5)
FNDA:2,(anonymous_6)
DA:2,1
DA:4,1
DA:5,12
DA:6,3
DA:9,9
DA:11,9
DA:16,9
DA:17,3
DA:30,6
DA:32,6
DA:33,3
DA:48,3
DA:62,1
DA:63,3
DA:64,8
DA:68,1
DA:69,5
DA:70,5
DA:72,5
DA:73,4
DA:74,0
DA:77,4
DA:80,1
DA:82,1
DA:85,1
DA:86,2
DA:94,1
DA:95,2
DA:103,1
DA:104,2
DA:105,1
DA:108,1
LF:32
LH:31
BRDA:4,0,0,3
BRDA:5,1,0,3
BRDA:5,1,1,9
BRDA:16,2,0,3
BRDA:16,2,1,6
BRDA:32,3,0,3
BRDA:32,3,1,3
BRDA:72,4,0,4
BRDA:72,4,1,1
BRDA:73,5,0,0
BRDA:73,5,1,4
BRDA:104,6,0,1
BRDA:104,6,1,1
BRF:13
BRH:12
end_of_record
TN:
SF:/Users/fernando.canel/Code/me/gig/packages/@apparatus/gig/data/validation/src/index.ts
FN:3,(anonymous_0)
FN:16,(anonymous_1)
FN:28,(anonymous_2)
FN:56,(anonymous_3)
FNF:4
FNH:4
FNDA:12,(anonymous_0)
FNDA:15,(anonymous_1)
FNDA:5,(anonymous_2)
FNDA:4,(anonymous_3)
DA:1,1
DA:3,1
DA:4,12
DA:16,1
DA:17,15
DA:18,3
DA:21,12
DA:23,12
DA:28,1
DA:29,5
DA:30,1
DA:33,4
DA:34,1
DA:37,3
DA:39,3
DA:40,0
DA:43,3
DA:45,3
DA:46,1
DA:49,2
DA:50,1
DA:53,1
DA:56,1
DA:57,4
LF:24
LH:23
BRDA:4,0,0,12
BRDA:4,0,1,8
BRDA:4,0,2,6
BRDA:4,0,3,5
BRDA:4,0,4,4
BRDA:4,0,5,4
BRDA:4,0,6,3
BRDA:4,0,7,2
BRDA:4,0,8,2
BRDA:4,0,9,0
BRDA:17,1,0,3
BRDA:17,1,1,12
BRDA:24,2,0,12
BRDA:24,2,1,0
BRDA:29,3,0,1
BRDA:29,3,1,4
BRDA:33,4,0,1
BRDA:33,4,1,3
BRDA:39,5,0,0
BRDA:39,5,1,3
BRDA:45,6,0,1
BRDA:45,6,1,2
BRDA:49,7,0,1
BRDA:49,7,1,1
BRDA:57,8,0,4
BRDA:57,8,1,2
BRF:26
BRH:23
end_of_record
